<?xml version="1.0" encoding="UTF-8"?>
<!-- Generated by org.testng.reporters.JUnitXMLReporter -->
<testsuite ignored="3" hostname="Durga" failures="0" tests="1" name="Default test" time="59.982" errors="0" timestamp="08 Mar 2026 10:56:19 GMT">
  <testcase classname="storeTests.Store" name="launchTest" time="59.039"/>
  <testcase classname="storeTests.Store" name="metalPriceTest" time="0.0">
    <ignored/>
  </testcase> <!-- metalPriceTest -->
  <testcase classname="storeTests.Store" name="loginTest" time="0.0">
    <ignored/>
  </testcase> <!-- loginTest -->
  <testcase classname="storeTests.Store" name="dashboardTest" time="0.0">
    <ignored/>
  </testcase> <!-- dashboardTest -->
</testsuite> <!-- Default test -->
