<?xml version="1.0" encoding="UTF-8"?>
<testng-results ignored="3" total="4" passed="1" failed="0" skipped="0">
  <reporter-output>
  </reporter-output>
  <suite started-at="2026-03-08T10:55:19Z" name="Default suite" finished-at="2026-03-08T10:56:19Z" duration-ms="59982">
    <groups>
    </groups>
    <test started-at="2026-03-08T10:55:19Z" name="Default test" finished-at="2026-03-08T10:56:19Z" duration-ms="59982">
      <class name="storeTests.Store">
        <test-method is-config="true" signature="prerequisites()[pri:0, instance:storeTests.Store@54107f42]" started-at="2026-03-08T10:55:19Z" name="prerequisites" finished-at="2026-03-08T10:55:19Z" duration-ms="112" status="PASS">
          <reporter-output>
          </reporter-output>
        </test-method> <!-- prerequisites -->
        <test-method signature="launchTest()[pri:1, instance:storeTests.Store@54107f42]" started-at="2026-03-08T10:55:19Z" name="launchTest" finished-at="2026-03-08T10:56:18Z" duration-ms="59039" status="PASS">
          <reporter-output>
          </reporter-output>
        </test-method> <!-- launchTest -->
        <test-method is-config="true" signature="afterTest()[pri:0, instance:storeTests.Store@54107f42]" started-at="2026-03-08T10:56:18Z" name="afterTest" finished-at="2026-03-08T10:56:19Z" duration-ms="347" status="PASS">
          <reporter-output>
          </reporter-output>
        </test-method> <!-- afterTest -->
        <test-method is-config="true" signature="tearDown()[pri:0, instance:storeTests.Store@54107f42]" started-at="2026-03-08T10:56:19Z" name="tearDown" finished-at="2026-03-08T10:56:19Z" duration-ms="462" status="PASS">
          <reporter-output>
          </reporter-output>
        </test-method> <!-- tearDown -->
      </class> <!-- storeTests.Store -->
    </test> <!-- Default test -->
  </suite> <!-- Default suite -->
</testng-results>
